<?xml version="1.0" encoding="UTF-8"?>
<testng-results ignored="1" total="2" passed="1" failed="0" skipped="0">
  <reporter-output>
  </reporter-output>
  <suite started-at="2020-08-08T12:20:19 IST" name="Suite" finished-at="2020-08-08T12:21:01 IST" duration-ms="42332">
    <groups>
    </groups>
    <test started-at="2020-08-08T12:20:19 IST" name="Test" finished-at="2020-08-08T12:21:01 IST" duration-ms="42332">
      <class name="com.yourlogo.test.Test_BuyProduct">
        <test-method is-config="true" signature="buyProductPreTest()[pri:0, instance:com.yourlogo.test.Test_BuyProduct@2dde1bff]" started-at="2020-08-08T12:20:19 IST" name="buyProductPreTest" finished-at="2020-08-08T12:20:33 IST" duration-ms="14138" status="PASS">
          <reporter-output>
          </reporter-output>
        </test-method> <!-- buyProductPreTest -->
        <test-method signature="placeOrderUsingBankWire()[pri:1, instance:com.yourlogo.test.Test_BuyProduct@2dde1bff]" started-at="2020-08-08T12:20:33 IST" name="placeOrderUsingBankWire" finished-at="2020-08-08T12:20:57 IST" duration-ms="23697" status="PASS">
          <reporter-output>
          </reporter-output>
        </test-method> <!-- placeOrderUsingBankWire -->
        <test-method is-config="true" signature="buyProductPostTest()[pri:0, instance:com.yourlogo.test.Test_BuyProduct@2dde1bff]" started-at="2020-08-08T12:20:57 IST" name="buyProductPostTest" finished-at="2020-08-08T12:21:01 IST" duration-ms="4429" status="PASS">
          <reporter-output>
          </reporter-output>
        </test-method> <!-- buyProductPostTest -->
      </class> <!-- com.yourlogo.test.Test_BuyProduct -->
    </test> <!-- Test -->
  </suite> <!-- Suite -->
</testng-results>
