<?xml version="1.0" encoding="UTF-8"?>
<!-- Generated by org.testng.reporters.JUnitXMLReporter -->
<testsuite ignored="0" hostname="DESKTOP-M1AAM1H" failures="0" tests="5" name="Default test" time="95.367" errors="0" timestamp="2020-08-09T00:43:04 IST">
  <testcase classname="com.yourlogo.test.Test_Login" name="emailIdBlank" time="5.008"/>
  <testcase classname="com.yourlogo.test.Test_Login" name="passwordBlank" time="4.154"/>
  <testcase classname="com.yourlogo.test.Test_Login" name="invalidEmailId" time="4.61"/>
  <testcase classname="com.yourlogo.test.Test_Login" name="invalidPassword" time="5.944"/>
  <testcase classname="com.yourlogo.test.Test_Login" name="validLogin" time="5.4"/>
</testsuite> <!-- Default test -->
