<?xml version="1.0" encoding="UTF-8"?>
<!-- Generated by org.testng.reporters.JUnitXMLReporter -->
<testsuite ignored="21" hostname="DESKTOP-M1AAM1H" failures="0" tests="1" name="Default test(failed)(failed)(failed)(failed)" time="33.705" errors="0" timestamp="2020-08-09T15:14:13 IST">
  <testcase classname="com.yourlogo.test.Test_Registration" name="passwordBlank" time="22.468"/>
  <testcase classname="com.yourlogo.test.Test_Registration" name="countryBlank" time="0.0">
    <ignored/>
  </testcase> <!-- countryBlank -->
  <testcase classname="com.yourlogo.test.Test_Registration" name="lastNameInvalid" time="0.0">
    <ignored/>
  </testcase> <!-- lastNameInvalid -->
  <testcase classname="com.yourlogo.test.Test_Registration" name="lastNameBlank" time="0.0">
    <ignored/>
  </testcase> <!-- lastNameBlank -->
  <testcase classname="com.yourlogo.test.Test_Registration" name="blankEmailId" time="0.0">
    <ignored/>
  </testcase> <!-- blankEmailId -->
  <testcase classname="com.yourlogo.test.Test_Registration" name="lastNameRepeatBlank" time="0.0">
    <ignored/>
  </testcase> <!-- lastNameRepeatBlank -->
  <testcase classname="com.yourlogo.test.Test_Registration" name="firstNameRepeatInvalid" time="0.0">
    <ignored/>
  </testcase> <!-- firstNameRepeatInvalid -->
  <testcase classname="com.yourlogo.test.Test_Registration" name="addressOneBlank" time="0.0">
    <ignored/>
  </testcase> <!-- addressOneBlank -->
  <testcase classname="com.yourlogo.test.Test_Registration" name="zipCodeBlank" time="0.0">
    <ignored/>
  </testcase> <!-- zipCodeBlank -->
  <testcase classname="com.yourlogo.test.Test_Registration" name="bothPhoneNumberBlank" time="0.0">
    <ignored/>
  </testcase> <!-- bothPhoneNumberBlank -->
  <testcase classname="com.yourlogo.test.Test_Registration" name="firstNameBlank" time="0.0">
    <ignored/>
  </testcase> <!-- firstNameBlank -->
  <testcase classname="com.yourlogo.test.Test_Registration" name="invalidEmailId" time="0.0">
    <ignored/>
  </testcase> <!-- invalidEmailId -->
  <testcase classname="com.yourlogo.test.Test_Registration" name="invalidHomePhone" time="0.0">
    <ignored/>
  </testcase> <!-- invalidHomePhone -->
  <testcase classname="com.yourlogo.test.Test_Registration" name="firstNameInvalid" time="0.0">
    <ignored/>
  </testcase> <!-- firstNameInvalid -->
  <testcase classname="com.yourlogo.test.Test_Registration" name="passwordLessThanFiveChars" time="0.0">
    <ignored/>
  </testcase> <!-- passwordLessThanFiveChars -->
  <testcase classname="com.yourlogo.test.Test_Registration" name="lastNameRepeatInvalid" time="0.0">
    <ignored/>
  </testcase> <!-- lastNameRepeatInvalid -->
  <testcase classname="com.yourlogo.test.Test_Registration" name="cityBlank" time="0.0">
    <ignored/>
  </testcase> <!-- cityBlank -->
  <testcase classname="com.yourlogo.test.Test_Registration" name="invalidMobilePhone" time="0.0">
    <ignored/>
  </testcase> <!-- invalidMobilePhone -->
  <testcase classname="com.yourlogo.test.Test_Registration" name="firstNameRepeatBlank" time="0.0">
    <ignored/>
  </testcase> <!-- firstNameRepeatBlank -->
  <testcase classname="com.yourlogo.test.Test_Registration" name="zipCodeInvalid" time="0.0">
    <ignored/>
  </testcase> <!-- zipCodeInvalid -->
  <testcase classname="com.yourlogo.test.Test_Registration" name="stateBlank" time="0.0">
    <ignored/>
  </testcase> <!-- stateBlank -->
  <testcase classname="com.yourlogo.test.Test_Registration" name="alreadyRegisteredEmailId" time="0.0">
    <ignored/>
  </testcase> <!-- alreadyRegisteredEmailId -->
</testsuite> <!-- Default test(failed)(failed)(failed)(failed) -->
