<?xml version="1.0" encoding="UTF-8"?>
<!-- Generated by org.testng.reporters.JUnitXMLReporter -->
<testsuite ignored="0" hostname="DESKTOP-M1AAM1H" failures="0" tests="5" name="Test" time="86.57" errors="0" timestamp="2020-08-09T00:45:06 IST">
  <testcase classname="com.yourlogo.test.Test_Login" name="emailIdBlank" time="4.524"/>
  <testcase classname="com.yourlogo.test.Test_Login" name="passwordBlank" time="4.535"/>
  <testcase classname="com.yourlogo.test.Test_Login" name="invalidEmailId" time="4.102"/>
  <testcase classname="com.yourlogo.test.Test_Login" name="invalidPassword" time="3.999"/>
  <testcase classname="com.yourlogo.test.Test_Login" name="validLogin" time="5.174"/>
</testsuite> <!-- Test -->
