<?xml version="1.0" encoding="UTF-8"?>
<!-- Generated by org.testng.reporters.JUnitXMLReporter -->
<testsuite ignored="0" hostname="DESKTOP-M1AAM1H" failures="0" tests="22" name="Test_Registration" time="530.284" errors="0" timestamp="2020-08-09T16:27:59 IST">
  <testcase classname="com.yourlogo.test.Test_Registration" name="invalidEmailId" time="9.382"/>
  <testcase classname="com.yourlogo.test.Test_Registration" name="blankEmailId" time="11.947"/>
  <testcase classname="com.yourlogo.test.Test_Registration" name="alreadyRegisteredEmailId" time="11.415"/>
  <testcase classname="com.yourlogo.test.Test_Registration" name="firstNameBlank" time="17.042"/>
  <testcase classname="com.yourlogo.test.Test_Registration" name="firstNameInvalid" time="39.064"/>
  <testcase classname="com.yourlogo.test.Test_Registration" name="lastNameBlank" time="13.702"/>
  <testcase classname="com.yourlogo.test.Test_Registration" name="lastNameInvalid" time="17.474"/>
  <testcase classname="com.yourlogo.test.Test_Registration" name="passwordBlank" time="20.153"/>
  <testcase classname="com.yourlogo.test.Test_Registration" name="passwordLessThanFiveChars" time="16.254"/>
  <testcase classname="com.yourlogo.test.Test_Registration" name="firstNameRepeatBlank" time="14.534"/>
  <testcase classname="com.yourlogo.test.Test_Registration" name="firstNameRepeatInvalid" time="14.167"/>
  <testcase classname="com.yourlogo.test.Test_Registration" name="lastNameRepeatBlank" time="14.005"/>
  <testcase classname="com.yourlogo.test.Test_Registration" name="lastNameRepeatInvalid" time="15.504"/>
  <testcase classname="com.yourlogo.test.Test_Registration" name="addressOneBlank" time="13.401"/>
  <testcase classname="com.yourlogo.test.Test_Registration" name="cityBlank" time="19.471"/>
  <testcase classname="com.yourlogo.test.Test_Registration" name="stateBlank" time="14.22"/>
  <testcase classname="com.yourlogo.test.Test_Registration" name="zipCodeBlank" time="13.186"/>
  <testcase classname="com.yourlogo.test.Test_Registration" name="zipCodeInvalid" time="14.487"/>
  <testcase classname="com.yourlogo.test.Test_Registration" name="countryBlank" time="13.618"/>
  <testcase classname="com.yourlogo.test.Test_Registration" name="bothPhoneNumberBlank" time="13.294"/>
  <testcase classname="com.yourlogo.test.Test_Registration" name="invalidHomePhone" time="13.684"/>
  <testcase classname="com.yourlogo.test.Test_Registration" name="invalidMobilePhone" time="14.076"/>
</testsuite> <!-- Test_Registration -->
