<?xml version="1.0" encoding="UTF-8"?>
<!-- Generated by org.testng.reporters.JUnitXMLReporter -->
<testsuite ignored="0" hostname="DESKTOP-M1AAM1H" failures="0" tests="22" name="Test_Registration" time="518.945" errors="0" timestamp="2020-08-10T01:44:54 IST">
  <testcase classname="com.yourlogo.test.Test_Registration" name="invalidEmailId" time="10.372"/>
  <testcase classname="com.yourlogo.test.Test_Registration" name="blankEmailId" time="11.604"/>
  <testcase classname="com.yourlogo.test.Test_Registration" name="alreadyRegisteredEmailId" time="11.88"/>
  <testcase classname="com.yourlogo.test.Test_Registration" name="firstNameBlank" time="15.698"/>
  <testcase classname="com.yourlogo.test.Test_Registration" name="firstNameInvalid" time="15.529"/>
  <testcase classname="com.yourlogo.test.Test_Registration" name="lastNameBlank" time="16.471"/>
  <testcase classname="com.yourlogo.test.Test_Registration" name="lastNameInvalid" time="18.196"/>
  <testcase classname="com.yourlogo.test.Test_Registration" name="passwordBlank" time="16.373"/>
  <testcase classname="com.yourlogo.test.Test_Registration" name="passwordLessThanFiveChars" time="18.323"/>
  <testcase classname="com.yourlogo.test.Test_Registration" name="firstNameRepeatBlank" time="15.634"/>
  <testcase classname="com.yourlogo.test.Test_Registration" name="firstNameRepeatInvalid" time="15.683"/>
  <testcase classname="com.yourlogo.test.Test_Registration" name="lastNameRepeatBlank" time="17.955"/>
  <testcase classname="com.yourlogo.test.Test_Registration" name="lastNameRepeatInvalid" time="15.928"/>
  <testcase classname="com.yourlogo.test.Test_Registration" name="addressOneBlank" time="17.778"/>
  <testcase classname="com.yourlogo.test.Test_Registration" name="cityBlank" time="14.921"/>
  <testcase classname="com.yourlogo.test.Test_Registration" name="stateBlank" time="15.432"/>
  <testcase classname="com.yourlogo.test.Test_Registration" name="zipCodeBlank" time="16.241"/>
  <testcase classname="com.yourlogo.test.Test_Registration" name="zipCodeInvalid" time="15.937"/>
  <testcase classname="com.yourlogo.test.Test_Registration" name="countryBlank" time="15.262"/>
  <testcase classname="com.yourlogo.test.Test_Registration" name="bothPhoneNumberBlank" time="14.803"/>
  <testcase classname="com.yourlogo.test.Test_Registration" name="invalidHomePhone" time="15.036"/>
  <testcase classname="com.yourlogo.test.Test_Registration" name="invalidMobilePhone" time="15.361"/>
</testsuite> <!-- Test_Registration -->
