<?xml version="1.0" encoding="UTF-8"?>
<!-- Generated by org.testng.reporters.JUnitXMLReporter -->
<testsuite ignored="0" hostname="DESKTOP-M1AAM1H" failures="0" tests="2" name="Test_BuyProduct" time="97.55" errors="0" timestamp="2020-08-10T01:02:20 IST">
  <testcase classname="com.yourlogo.test.Test_BuyProduct" name="placeOrderUsingBankWire" time="41.514"/>
  <testcase classname="com.yourlogo.test.Test_BuyProduct" name="placeOrderUsingCheque" time="40.602"/>
</testsuite> <!-- Test_BuyProduct -->
