<?xml version="1.0" encoding="UTF-8"?>
<!-- Generated by org.testng.reporters.JUnitXMLReporter -->
<testsuite ignored="0" hostname="DESKTOP-M1AAM1H" failures="0" tests="2" name="Test_BuyProduct" time="100.882" errors="0" timestamp="2020-08-09T17:58:30 IST">
  <testcase classname="com.yourlogo.test.Test_BuyProduct" name="placeOrderUsingBankWire" time="43.915"/>
  <testcase classname="com.yourlogo.test.Test_BuyProduct" name="placeOrderUsingCheque" time="46.882"/>
</testsuite> <!-- Test_BuyProduct -->
