<?xml version="1.0" encoding="UTF-8"?>
<!-- Generated by org.testng.reporters.JUnitXMLReporter -->
<testsuite ignored="4" hostname="DESKTOP-M1AAM1H" failures="0" tests="1" name="Test_Login" time="38.865" errors="0" timestamp="2020-08-20T16:31:13 IST">
  <testcase classname="com.yourlogo.test.Test_Login" name="emailIdBlank" time="31.318"/>
  <testcase classname="com.yourlogo.test.Test_Login" name="passwordBlank" time="0.0">
    <ignored/>
  </testcase> <!-- passwordBlank -->
  <testcase classname="com.yourlogo.test.Test_Login" name="invalidEmailId" time="0.0">
    <ignored/>
  </testcase> <!-- invalidEmailId -->
  <testcase classname="com.yourlogo.test.Test_Login" name="invalidPassword" time="0.0">
    <ignored/>
  </testcase> <!-- invalidPassword -->
  <testcase classname="com.yourlogo.test.Test_Login" name="validLogin" time="0.0">
    <ignored/>
  </testcase> <!-- validLogin -->
</testsuite> <!-- Test_Login -->
